<?xml version="1.0" encoding="UTF-8"?>
<testsuite xmlns:xsi="http://www.w3.org/2001/XMLSchema-instance" xsi:noNamespaceSchemaLocation="https://maven.apache.org/surefire/maven-surefire-plugin/xsd/surefire-test-report-3.0.xsd" version="3.0" name="com.autotest.demobookingcom.DemoBookingcomApplicationTests" time="2.401" tests="1" errors="0" skipped="0" failures="0">
  <properties>
[...]
</properties>
  <testcase name="contextLoads" classname="com.autotest.demobookingcom.DemoBookingcomApplicationTests" time="0.456">
    <system-out><![CDATA[17:23:21.977 [main] INFO org.springframework.test.context.support.AnnotationConfigContextLoaderUtils -- Could not detect default configuration classes for test class [com.autotest.demobookingcom.DemoBookingcomApplicationTests]: DemoBookingcomApplicationTests does not declare any static, non-private, non-final, nested classes annotated with @Configuration.
17:23:22.013 [main] INFO org.springframework.boot.test.context.SpringBootTestContextBootstrapper -- Found @SpringBootConfiguration com.autotest.demobookingcom.DemoBookingcomApplication for test class com.autotest.demobookingcom.DemoBookingcomApplicationTests
17:23:22.060 [main] INFO org.springframework.boot.devtools.restart.RestartApplicationListener -- Restart disabled due to context in which it is running

  .   ____          _            __ _ _
 /\\ / ___'_ __ _ _(_)_ __  __ _ \ \ \ \
( ( )\___ | '_ | '_| | '_ \/ _` | \ \ \ \
 \\/  ___)| |_)| | | | | || (_| |  ) ) ) )
  '  |____| .__|_| |_|_| |_\__, | / / / /
 =========|_|==============|___/=/_/_/_/
 :: Spring Boot ::                (v3.2.2)

2024-02-18T17:23:22.166+08:00  INFO 42476 --- [           main] c.a.d.DemoBookingcomApplicationTests     : Starting DemoBookingcomApplicationTests using Java 21 with PID 42476 (started by con in /Users/con/Desktop/github/autotest_selenium-task/demo-bookingcom)
2024-02-18T17:23:22.167+08:00  INFO 42476 --- [           main] c.a.d.DemoBookingcomApplicationTests     : No active profile set, falling back to 1 default profile: "default"
2024-02-18T17:23:23.852+08:00  INFO 42476 --- [           main] c.a.d.DemoBookingcomApplicationTests     : Started DemoBookingcomApplicationTests in 1.795 seconds (process running for 2.175)
]]></system-out>
    <system-err><![CDATA[WARNING: A Java agent has been loaded dynamically (/Users/con/.m2/repository/net/bytebuddy/byte-buddy-agent/1.14.11/byte-buddy-agent-1.14.11.jar)
WARNING: If a serviceability tool is in use, please run with -XX:+EnableDynamicAgentLoading to hide this warning
WARNING: If a serviceability tool is not in use, please run with -Djdk.instrument.traceUsage for more information
WARNING: Dynamic loading of agents will be disallowed by default in a future release
]]></system-err>
  </testcase>
</testsuite>